<?xml version="1.0" encoding="UTF-8"?>
<testng-results ignored="0" total="1" passed="1" failed="0" skipped="0">
  <reporter-output>
  </reporter-output>
  <suite started-at="2025-07-05T19:42:14 CDT" name="Default suite" finished-at="2025-07-05T19:42:17 CDT" duration-ms="2705">
    <groups>
    </groups>
    <test started-at="2025-07-05T19:42:14 CDT" name="Default test" finished-at="2025-07-05T19:42:17 CDT" duration-ms="2705">
      <class name="com.hybridframework.cura.testcases.LoginApplication">
        <test-method is-config="true" signature="setUp()[pri:0, instance:com.hybridframework.cura.testcases.LoginApplication@65fb9ffc]" started-at="2025-07-05T19:42:14 CDT" name="setUp" finished-at="2025-07-05T19:42:16 CDT" duration-ms="2060" status="PASS">
          <reporter-output>
          </reporter-output>
        </test-method> <!-- setUp -->
        <test-method signature="loginWithValidCredentials()[pri:0, instance:com.hybridframework.cura.testcases.LoginApplication@65fb9ffc]" started-at="2025-07-05T19:42:16 CDT" name="loginWithValidCredentials" finished-at="2025-07-05T19:42:17 CDT" duration-ms="548" status="PASS">
          <reporter-output>
          </reporter-output>
        </test-method> <!-- loginWithValidCredentials -->
        <test-method is-config="true" signature="tearDown()[pri:0, instance:com.hybridframework.cura.testcases.LoginApplication@65fb9ffc]" started-at="2025-07-05T19:42:17 CDT" name="tearDown" finished-at="2025-07-05T19:42:17 CDT" duration-ms="84" status="PASS">
          <reporter-output>
          </reporter-output>
        </test-method> <!-- tearDown -->
      </class> <!-- com.hybridframework.cura.testcases.LoginApplication -->
    </test> <!-- Default test -->
  </suite> <!-- Default suite -->
</testng-results>
